gEDA/gschem version 1.2.1.20071231
gEDA/gschem comes with ABSOLUTELY NO WARRANTY; see COPYING for more details.
This is free software, and you are welcome to redistribute it under certain
conditions; please see the COPYING file for more details.

Read system-gafrc file [/etc/gEDA/system-gafrc]
Did not find optional ~/.gEDA/gafrc file [/home/steve/.gEDA/gafrc]
Did not find optional local gafrc file [/scisw/projects/powersupplies/PS0/schematics/gafrc]
Read system-gschemrc file [/etc/gEDA/system-gschemrc]
Read ~/.gEDA/gschemrc file [/home/steve/.gEDA/gschemrc]
Did not find optional local gschemrc file [/scisw/projects/powersupplies/PS0/schematics/gschemrc]
Read init scm file [/usr/share/gEDA/scheme/gschem.scm]
Did not find specified /scisw/projects/powersupplies/PS0/schematics/gafrc file [/scisw/projects/powersupplies/PS0/schematics/gafrc]
Opened file [/scisw/projects/powersupplies/PS0/schematics/untitled_1.sch]
Did not find specified /scisw/projects/powersupplies/PS0/schematics/gafrc file [/scisw/projects/powersupplies/PS0/schematics/gafrc]
Opened file [/scisw/projects/powersupplies/PS0/schematics/PS0_0_1.sch]
Did not find specified /scisw/projects/powersupplies/PS0/schematics/gafrc file [/scisw/projects/powersupplies/PS0/schematics/gafrc]
Opened file [/scisw/projects/powersupplies/PS0/schematics/PS0_0_1.sch]
Did not find specified /scisw/projects/powersupplies/PS0/schematics/gafrc file [/scisw/projects/powersupplies/PS0/schematics/gafrc]
Opened file [/scisw/projects/powersupplies/PS0/schematics/PS0_0_ana_0b.sch]
Did not find specified /scisw/projects/powersupplies/PS0/schematics/gafrc file [/scisw/projects/powersupplies/PS0/schematics/gafrc]
Opened file [/scisw/projects/powersupplies/PS0/schematics/PS0_0_ana_0b.sch]
Did not find specified /scisw/projects/powersupplies/PS0/schematics/gafrc file [/scisw/projects/powersupplies/PS0/schematics/gafrc]
More than one component found with name [njfet-1.sym]
Opened file [/scisw/projects/powersupplies/PS0/schematics/PS0_0_ana_0.sch]
Did not find specified /scisw/projects/powersupplies/PS0/schematics/gafrc file [/scisw/projects/powersupplies/PS0/schematics/gafrc]
More than one component found with name [njfet-1.sym]
Opened file [/scisw/projects/powersupplies/PS0/schematics/PS0_0_ana_0.sch]
Did not find specified /scisw/projects/powersupplies/PS0/schematics/gafrc file [/scisw/projects/powersupplies/PS0/schematics/gafrc]
Opened file [/scisw/projects/powersupplies/PS0/schematics/PS0_0_ana_0b.sch]
Did not find specified /scisw/projects/powersupplies/PS0/schematics/gafrc file [/scisw/projects/powersupplies/PS0/schematics/gafrc]
Opened file [/scisw/projects/powersupplies/PS0/schematics/PS0_0_ana_0b.sch]
Did not find specified /scisw/projects/powersupplies/PS0/schematics/gafrc file [/scisw/projects/powersupplies/PS0/schematics/gafrc]
Opened file [/scisw/projects/powersupplies/PS0/schematics/PS0_0_ana_0b.sch]
Printed current schematic to [lpr]
Saved [/scisw/projects/powersupplies/PS0/schematics/PS0_0_ana_0b.sch]
Printed current schematic to [lpr]
